Performing C++ SOURCE FILE Test cxx17_already_works failed with the following output:
Change Dir: /home/snk14/zeek-3.2.3/auxil/zeek-aux/plugin-support/zeek-dpdk/build/CMakeFiles/CMakeTmp

Run Build Command:"/usr/bin/make" "cmTC_30367/fast"
/usr/bin/make -f CMakeFiles/cmTC_30367.dir/build.make CMakeFiles/cmTC_30367.dir/build
make[1]: Entering directory '/home/snk14/zeek-3.2.3/auxil/zeek-aux/plugin-support/zeek-dpdk/build/CMakeFiles/CMakeTmp'
Building CXX object CMakeFiles/cmTC_30367.dir/src.cxx.o
/usr/bin/c++    -Dcxx17_already_works   -o CMakeFiles/cmTC_30367.dir/src.cxx.o -c /home/snk14/zeek-3.2.3/auxil/zeek-aux/plugin-support/zeek-dpdk/build/CMakeFiles/CMakeTmp/src.cxx
/home/snk14/zeek-3.2.3/auxil/zeek-aux/plugin-support/zeek-dpdk/build/CMakeFiles/CMakeTmp/src.cxx: In function ‘int main()’:
/home/snk14/zeek-3.2.3/auxil/zeek-aux/plugin-support/zeek-dpdk/build/CMakeFiles/CMakeTmp/src.cxx:2:24: error: ‘optional’ is not a member of ‘std’
      int main() { std::optional<int> a; }
                        ^~~~~~~~
/home/snk14/zeek-3.2.3/auxil/zeek-aux/plugin-support/zeek-dpdk/build/CMakeFiles/CMakeTmp/src.cxx:2:33: error: expected primary-expression before ‘int’
      int main() { std::optional<int> a; }
                                 ^~~
CMakeFiles/cmTC_30367.dir/build.make:65: recipe for target 'CMakeFiles/cmTC_30367.dir/src.cxx.o' failed
make[1]: *** [CMakeFiles/cmTC_30367.dir/src.cxx.o] Error 1
make[1]: Leaving directory '/home/snk14/zeek-3.2.3/auxil/zeek-aux/plugin-support/zeek-dpdk/build/CMakeFiles/CMakeTmp'
Makefile:126: recipe for target 'cmTC_30367/fast' failed
make: *** [cmTC_30367/fast] Error 2

Source file was:
#include <optional>
     int main() { std::optional<int> a; }
Determining if the pthread_create exist failed with the following output:
Change Dir: /home/snk14/zeek-3.2.3/auxil/zeek-aux/plugin-support/zeek-dpdk/build/CMakeFiles/CMakeTmp

Run Build Command:"/usr/bin/make" "cmTC_d5108/fast"
/usr/bin/make -f CMakeFiles/cmTC_d5108.dir/build.make CMakeFiles/cmTC_d5108.dir/build
make[1]: Entering directory '/home/snk14/zeek-3.2.3/auxil/zeek-aux/plugin-support/zeek-dpdk/build/CMakeFiles/CMakeTmp'
Building C object CMakeFiles/cmTC_d5108.dir/CheckSymbolExists.c.o
/usr/bin/cc   -Wall -Wno-unused    -Wall -Wno-unused    -o CMakeFiles/cmTC_d5108.dir/CheckSymbolExists.c.o   -c /home/snk14/zeek-3.2.3/auxil/zeek-aux/plugin-support/zeek-dpdk/build/CMakeFiles/CMakeTmp/CheckSymbolExists.c
Linking C executable cmTC_d5108
/usr/bin/cmake -E cmake_link_script CMakeFiles/cmTC_d5108.dir/link.txt --verbose=1
/usr/bin/cc  -Wall -Wno-unused    -Wall -Wno-unused     -rdynamic CMakeFiles/cmTC_d5108.dir/CheckSymbolExists.c.o  -o cmTC_d5108 
CMakeFiles/cmTC_d5108.dir/CheckSymbolExists.c.o: In function `main':
CheckSymbolExists.c:(.text+0x1b): undefined reference to `pthread_create'
collect2: error: ld returned 1 exit status
CMakeFiles/cmTC_d5108.dir/build.make:97: recipe for target 'cmTC_d5108' failed
make[1]: *** [cmTC_d5108] Error 1
make[1]: Leaving directory '/home/snk14/zeek-3.2.3/auxil/zeek-aux/plugin-support/zeek-dpdk/build/CMakeFiles/CMakeTmp'
Makefile:126: recipe for target 'cmTC_d5108/fast' failed
make: *** [cmTC_d5108/fast] Error 2

File /home/snk14/zeek-3.2.3/auxil/zeek-aux/plugin-support/zeek-dpdk/build/CMakeFiles/CMakeTmp/CheckSymbolExists.c:
/* */
#include <pthread.h>

int main(int argc, char** argv)
{
  (void)argv;
#ifndef pthread_create
  return ((int*)(&pthread_create))[argc];
#else
  (void)argc;
  return 0;
#endif
}

Determining if the function pthread_create exists in the pthreads failed with the following output:
Change Dir: /home/snk14/zeek-3.2.3/auxil/zeek-aux/plugin-support/zeek-dpdk/build/CMakeFiles/CMakeTmp

Run Build Command:"/usr/bin/make" "cmTC_1eda3/fast"
/usr/bin/make -f CMakeFiles/cmTC_1eda3.dir/build.make CMakeFiles/cmTC_1eda3.dir/build
make[1]: Entering directory '/home/snk14/zeek-3.2.3/auxil/zeek-aux/plugin-support/zeek-dpdk/build/CMakeFiles/CMakeTmp'
Building C object CMakeFiles/cmTC_1eda3.dir/CheckFunctionExists.c.o
/usr/bin/cc   -Wall -Wno-unused    -Wall -Wno-unused -DCHECK_FUNCTION_EXISTS=pthread_create   -o CMakeFiles/cmTC_1eda3.dir/CheckFunctionExists.c.o   -c /usr/share/cmake-3.10/Modules/CheckFunctionExists.c
Linking C executable cmTC_1eda3
/usr/bin/cmake -E cmake_link_script CMakeFiles/cmTC_1eda3.dir/link.txt --verbose=1
/usr/bin/cc  -Wall -Wno-unused    -Wall -Wno-unused -DCHECK_FUNCTION_EXISTS=pthread_create    -rdynamic CMakeFiles/cmTC_1eda3.dir/CheckFunctionExists.c.o  -o cmTC_1eda3 -lpthreads 
/usr/bin/ld: cannot find -lpthreads
collect2: error: ld returned 1 exit status
CMakeFiles/cmTC_1eda3.dir/build.make:97: recipe for target 'cmTC_1eda3' failed
make[1]: *** [cmTC_1eda3] Error 1
make[1]: Leaving directory '/home/snk14/zeek-3.2.3/auxil/zeek-aux/plugin-support/zeek-dpdk/build/CMakeFiles/CMakeTmp'
Makefile:126: recipe for target 'cmTC_1eda3/fast' failed
make: *** [cmTC_1eda3/fast] Error 2


